Start testing: Jan 08 13:39 EST
----------------------------------------------------------
1/7 Testing: SpatialExpansion
1/7 Test: SpatialExpansion
Command: "/home/becheler/dev/quetzal/build/test/model_1" "/home/becheler/dev/quetzal/test/data/europe_temp.tif"
Directory: /home/becheler/dev/quetzal/build/test
"SpatialExpansion" start time: Jan 08 13:39 EST
Output:
----------------------------------------------------------
Reading 2 input parameters
1 ... Reading environment file /home/becheler/dev/quetzal/test/data/europe_temp.tif
2 ... Initializing spatial coalescence simulator
3 ... Initializing demographic growth niche functions
4 ... Initializing dispersal kernel
5 ... Simulating demographic expansion
6 ... Simulating sampling scheme
7 ... Exporting GIS data for visualization
8 ... Begining coalescence
Done
<end of output>
Test time =  14.33 sec
----------------------------------------------------------
Test Passed.
"SpatialExpansion" end time: Jan 08 13:39 EST
"SpatialExpansion" time elapsed: 00:00:14
----------------------------------------------------------

2/7 Testing: coalescence_test
2/7 Test: coalescence_test
Command: "/home/becheler/dev/quetzal/test/build/testBin/coalescence_test"
Directory: /home/becheler/dev/quetzal/test/build/testBin
"coalescence_test" start time: Jan 08 13:39 EST
Output:
----------------------------------------------------------
Running 15 test cases...
2 1 1 
97 1 2 3 Forest has 4 trees at 3 geographic positions.
Position: 3	Species: quercus_robur
Position: 2	Species: populus_tremula
Position: 1	Species: salix_nigra
Position: 1	Species: populus_tremula

Erase coordinate 1:
Forest has 2 trees at 2 geographic positions.
Position: 3	Species: quercus_robur
Position: 2	Species: populus_tremula
Position 4 : salix_nigra
Position 3 : salix_nigra
Position 3 : quercus_robur
Position 1 : salix_nigra
Position 2 : salix_nigra
Position 2 : populus_tremula
9 0 0 0 0 1 
8 1 0 0 1 0 
8 0 1 1 0 0 
7 2 0 1 0 0 
7 1 2 0 0 0 
6 3 1 0 0 0 
5 5 0 0 0 0 
Throwing 5 balls in 10 urns.
Full distribution: 7 configurations and weights sum to 1
P( 	[9, 0, 0, 0, 0, 1, ]	) = 0.0001
P( 	[8, 1, 0, 0, 1, 0, ]	) = 0.0045
P( 	[8, 0, 1, 1, 0, 0, ]	) = 0.009
P( 	[7, 2, 0, 1, 0, 0, ]	) = 0.072
P( 	[7, 1, 2, 0, 0, 0, ]	) = 0.108
P( 	[6, 3, 1, 0, 0, 0, ]	) = 0.504
P( 	[5, 5, 0, 0, 0, 0, ]	) = 0.3024


Shorten spectra:
P( 	[9, 0, 0, 0, 0, 1, ]	) = 0.0001
P( 	[8, 1, 0, 0, 1, ]	) = 0.0045
P( 	[8, 0, 1, 1, ]	) = 0.009
P( 	[7, 2, 0, 1, ]	) = 0.072
P( 	[7, 1, 2, ]	) = 0.108
P( 	[6, 3, 1, ]	) = 0.504
P( 	[5, 5, ]	) = 0.3024


Approximated distribution:
P( 	[7, 2, 0, 1, 0, 0, ]	) = 0.072
P( 	[7, 1, 2, 0, 0, 0, ]	) = 0.108
P( 	[6, 3, 1, 0, 0, 0, ]	) = 0.504
P( 	[5, 5, 0, 0, 0, 0, ]	) = 0.3024


Combined strategies:
P( 	[7, 2, 0, 1, ]	) = 0.072
P( 	[7, 1, 2, ]	) = 0.108
P( 	[6, 3, 1, ]	) = 0.504
P( 	[5, 5, ]	) = 0.3024



Nodes at sampling time :
a
b
c
d


After one binary merge generation:
ac
b
d

Nodes at sampling time :
a
b
c
d


After one simultaneous multiple merge generation:
bdc
a
4 3 2 1 0 0 0 0 0 0 0 
3 5 1 1 0 0 0 0 0 0 0 
*** No errors detected
<end of output>
Test time =   0.01 sec
----------------------------------------------------------
Test Passed.
"coalescence_test" end time: Jan 08 13:39 EST
"coalescence_test" time elapsed: 00:00:00
----------------------------------------------------------

3/7 Testing: demography_test
3/7 Test: demography_test
Command: "/home/becheler/dev/quetzal/test/build/testBin/demography_test"
Directory: /home/becheler/dev/quetzal/test/build/testBin
"demography_test" start time: Jan 08 13:39 EST
Output:
----------------------------------------------------------
Running 4 test cases...
Bordeaux 	->	 Bordeaux	=	1
Paris 	->	 Bordeaux	=	12
Population flows from x to y at time t:

time	from	to	flow
2020	1	-1	12
2020	1	1	18
2020	-1	-1	28
2018	1	1	12
2020	-1	1	22
2019	1	-1	15
2019	1	1	9
2018	1	-1	8
2019	-1	1	6
2019	-1	-1	10


Knowing an indiviual was in deme 1 in 2021, where could it have been just before dispersal ?
Answer: it could have been in deme -1
Population flows from x to y at time t:

time	from	to	flow
2020	Paris	Paris	20
2020	Ann Arbor	Ann Arbor	20
2018	Paris	Ann Arbor	10
2020	Ann Arbor	Paris	20
2019	Ann Arbor	Ann Arbor	10
2019	Ann Arbor	Paris	10
2020	Paris	Ann Arbor	20
2019	Paris	Paris	10
2018	Paris	Paris	10
2019	Paris	Ann Arbor	10


Knowing an indiviual was in Paris in 2021, where could it have been just before dispersal ?
Answer: it could have been in Paris
Bordeaux Paris 
*** No errors detected
<end of output>
Test time =   0.00 sec
----------------------------------------------------------
Test Passed.
"demography_test" end time: Jan 08 13:39 EST
"demography_test" time elapsed: 00:00:00
----------------------------------------------------------

4/7 Testing: expressive_test
4/7 Test: expressive_test
Command: "/home/becheler/dev/quetzal/test/build/testBin/expressive_test"
Directory: /home/becheler/dev/quetzal/test/build/testBin
"expressive_test" start time: Jan 08 13:39 EST
Output:
----------------------------------------------------------
Running 2 test cases...

*** No errors detected
<end of output>
Test time =   0.00 sec
----------------------------------------------------------
Test Passed.
"expressive_test" end time: Jan 08 13:39 EST
"expressive_test" time elapsed: 00:00:00
----------------------------------------------------------

5/7 Testing: geography_test
5/7 Test: geography_test
Command: "/home/becheler/dev/quetzal/test/build/testBin/geography_test"
Directory: /home/becheler/dev/quetzal/test/build/testBin
"geography_test" start time: Jan 08 13:39 EST
Output:
----------------------------------------------------------
Running 6 test cases...
115.206
469.033
117.51
478.414
119.86
487.982
122.257
497.742
124.702
507.697
127.196
517.851
129.74
528.208
132.335
538.772
134.982
549.547
137.681
560.538
Possible geographic support (demic structure) for demographic simulation
(39.5 -2.5)
(39.5 2.5)
(39.5 7.5)
(44.5 -2.5)
(44.5 2.5)
(44.5 7.5)
(49.5 -2.5)
(49.5 2.5)
(49.5 7.5)
Name:	/home/becheler/dev/quetzal/test/data/bio1.tif
Driver:	 GTiff
Width:	3
Height:	3
Depth:	10
Coefs:	-5 5 0 52 0 -5 

*** No errors detected
<end of output>
Test time =   0.04 sec
----------------------------------------------------------
Test Passed.
"geography_test" end time: Jan 08 13:39 EST
"geography_test" time elapsed: 00:00:00
----------------------------------------------------------

6/7 Testing: matrix_operation_test
6/7 Test: matrix_operation_test
Command: "/home/becheler/dev/quetzal/test/build/testBin/matrix_operation_test"
Directory: /home/becheler/dev/quetzal/test/build/testBin
"matrix_operation_test" start time: Jan 08 13:39 EST
Output:
----------------------------------------------------------
Running 1 test case...
[3,4]((0,1,2,3),(1,2,3,4),(2,3,4,5))
[3,4]((0,0.166667,0.333333,0.5),(0.1,0.2,0.3,0.4),(0.142857,0.214286,0.285714,0.357143))

*** No errors detected
<end of output>
Test time =   0.00 sec
----------------------------------------------------------
Test Passed.
"matrix_operation_test" end time: Jan 08 13:39 EST
"matrix_operation_test" time elapsed: 00:00:00
----------------------------------------------------------

7/7 Testing: random_test
7/7 Test: random_test
Command: "/home/becheler/dev/quetzal/test/build/testBin/random_test"
Directory: /home/becheler/dev/quetzal/test/build/testBin
"random_test" start time: Jan 08 13:39 EST
Output:
----------------------------------------------------------
Running 6 test cases...
Bordeaux generated 2071 times
Paris generated 7929 times
0
1
0 -> 0 -> 0 -> 1 -> 1 -> 0 -> 0 -> 1 -> 0 -> 1 -> 10 -> 0 -> 0 -> 1 -> 1 -> 0 -> 0 -> 1 -> 0 -> 1 -> 1
*** No errors detected
<end of output>
Test time =   0.02 sec
----------------------------------------------------------
Test Passed.
"random_test" end time: Jan 08 13:39 EST
"random_test" time elapsed: 00:00:00
----------------------------------------------------------

End testing: Jan 08 13:39 EST
